<?xml version="1.0" encoding="UTF-8"?>
<testsuite xmlns:xsi="http://www.w3.org/2001/XMLSchema-instance" xsi:noNamespaceSchemaLocation="https://maven.apache.org/surefire/maven-surefire-plugin/xsd/surefire-test-report-3.0.xsd" version="3.0" name="FakeApi.ApiTest" time="1.592" tests="2" errors="0" skipped="0" failures="0">
  <properties>
[...]
</properties>
  <testcase name="CP001" classname="FakeApi.ApiTest" time="1.409">
    <system-out><![CDATA[{
    "name": "salami",
    "job": "goat",
    "id": "947",
    "createdAt": "2025-03-12T17:11:08.388Z"
}
-------------------------------------------------------------------------------
]]></system-out>
  </testcase>
  <testcase name="CP002" classname="FakeApi.ApiTest" time="0.161">
    <system-out><![CDATA[{
    "data": {
        "id": 1,
        "email": "george.bluth@reqres.in",
        "first_name": "George",
        "last_name": "Bluth",
        "avatar": "https://reqres.in/img/faces/1-image.jpg"
    },
    "support": {
        "url": "https://contentcaddy.io?utm_source=reqres&utm_medium=json&utm_campaign=referral",
        "text": "Tired of writing endless social media content? Let Content Caddy generate it for you."
    }
}
-------------------------------------------------------------------------------
]]></system-out>
  </testcase>
</testsuite>